{"contracts/Raffle.sol":{"l":{"72":3,"73":3,"74":3,"75":3,"76":3,"77":3,"78":3,"79":3,"85":2,"86":1,"88":1,"89":0,"94":1,"116":0,"118":0,"119":0,"120":0,"121":0,"126":0,"127":0,"128":0,"134":0,"135":0,"142":0,"151":0,"152":0,"153":0,"155":0,"157":0,"159":0,"161":0,"163":0,"164":0,"166":0,"171":3,"175":1,"179":0,"183":1,"187":0,"191":0,"195":0,"199":0,"203":1},"path":"/home/martins/Raffle/contracts/Raffle.sol","s":{"1":2,"2":1,"3":1,"4":1,"5":0,"6":0,"7":0,"8":0,"9":0,"10":0,"11":0,"12":0,"13":0,"14":0,"15":0,"16":0,"17":0,"18":3,"19":1,"20":0,"21":1,"22":0,"23":0,"24":0,"25":0,"26":1},"b":{"1":[1,1],"2":[0,1],"3":[0,0],"4":[0,0]},"f":{"1":3,"2":2,"3":0,"4":0,"5":0,"6":3,"7":1,"8":0,"9":1,"10":0,"11":0,"12":0,"13":0,"14":1},"fnMap":{"1":{"name":"constructor","line":71,"loc":{"start":{"line":64,"column":4},"end":{"line":81,"column":4}}},"2":{"name":"enterRaffle","line":84,"loc":{"start":{"line":84,"column":4},"end":{"line":95,"column":4}}},"3":{"name":"checkUpkeep","line":108,"loc":{"start":{"line":108,"column":4},"end":{"line":122,"column":4}}},"4":{"name":"performUpkeep","line":125,"loc":{"start":{"line":125,"column":4},"end":{"line":144,"column":4}}},"5":{"name":"fulfillRandomWords","line":146,"loc":{"start":{"line":146,"column":4},"end":{"line":168,"column":4}}},"6":{"name":"getEntranceFee","line":170,"loc":{"start":{"line":170,"column":4},"end":{"line":172,"column":4}}},"7":{"name":"getPlayer","line":174,"loc":{"start":{"line":174,"column":4},"end":{"line":176,"column":5}}},"8":{"name":"getRecentWinner","line":178,"loc":{"start":{"line":178,"column":4},"end":{"line":180,"column":4}}},"9":{"name":"getRaffleState","line":182,"loc":{"start":{"line":182,"column":4},"end":{"line":184,"column":4}}},"10":{"name":"getNumWords","line":186,"loc":{"start":{"line":186,"column":4},"end":{"line":188,"column":4}}},"11":{"name":"getNumberOfPlayers","line":190,"loc":{"start":{"line":190,"column":4},"end":{"line":192,"column":4}}},"12":{"name":"getLatestTimeStamp","line":194,"loc":{"start":{"line":194,"column":4},"end":{"line":196,"column":4}}},"13":{"name":"getRequestConfirmmation","line":198,"loc":{"start":{"line":198,"column":4},"end":{"line":200,"column":4}}},"14":{"name":"getInterval","line":202,"loc":{"start":{"line":202,"column":4},"end":{"line":204,"column":4}}}},"statementMap":{"1":{"start":{"line":85,"column":8},"end":{"line":85,"column":75}},"2":{"start":{"line":86,"column":8},"end":{"line":86,"column":42}},"3":{"start":{"line":88,"column":8},"end":{"line":88,"column":2623}},"4":{"start":{"line":94,"column":8},"end":{"line":94,"column":36}},"5":{"start":{"line":116,"column":8},"end":{"line":116,"column":57}},"6":{"start":{"line":118,"column":8},"end":{"line":118,"column":76}},"7":{"start":{"line":119,"column":8},"end":{"line":119,"column":48}},"8":{"start":{"line":120,"column":8},"end":{"line":120,"column":51}},"9":{"start":{"line":126,"column":8},"end":{"line":126,"column":47}},"10":{"start":{"line":127,"column":8},"end":{"line":127,"column":3999}},"11":{"start":{"line":135,"column":8},"end":{"line":135,"column":4250}},"12":{"start":{"line":142,"column":8},"end":{"line":142,"column":46}},"13":{"start":{"line":151,"column":8},"end":{"line":151,"column":65}},"14":{"start":{"line":152,"column":8},"end":{"line":152,"column":63}},"15":{"start":{"line":161,"column":8},"end":{"line":161,"column":78}},"16":{"start":{"line":163,"column":8},"end":{"line":163,"column":5232}},"17":{"start":{"line":166,"column":8},"end":{"line":166,"column":39}},"18":{"start":{"line":171,"column":8},"end":{"line":171,"column":28}},"19":{"start":{"line":175,"column":8},"end":{"line":175,"column":32}},"20":{"start":{"line":179,"column":8},"end":{"line":179,"column":30}},"21":{"start":{"line":183,"column":12},"end":{"line":183,"column":33}},"22":{"start":{"line":187,"column":8},"end":{"line":187,"column":24}},"23":{"start":{"line":191,"column":7},"end":{"line":191,"column":30}},"24":{"start":{"line":195,"column":8},"end":{"line":195,"column":30}},"25":{"start":{"line":199,"column":8},"end":{"line":199,"column":36}},"26":{"start":{"line":203,"column":8},"end":{"line":203,"column":25}}},"branchMap":{"1":{"line":85,"type":"if","locations":[{"start":{"line":85,"column":8},"end":{"line":85,"column":8}},{"start":{"line":85,"column":8},"end":{"line":85,"column":8}}]},"2":{"line":88,"type":"if","locations":[{"start":{"line":88,"column":8},"end":{"line":88,"column":8}},{"start":{"line":88,"column":8},"end":{"line":88,"column":8}}]},"3":{"line":127,"type":"if","locations":[{"start":{"line":127,"column":8},"end":{"line":127,"column":8}},{"start":{"line":127,"column":8},"end":{"line":127,"column":8}}]},"4":{"line":163,"type":"if","locations":[{"start":{"line":163,"column":8},"end":{"line":163,"column":8}},{"start":{"line":163,"column":8},"end":{"line":163,"column":8}}]}}},"contracts/test/VRFCoordinatorV2Mock.sol":{"l":{},"path":"/home/martins/Raffle/contracts/test/VRFCoordinatorV2Mock.sol","s":{},"b":{},"f":{},"fnMap":{},"statementMap":{},"branchMap":{}}}